-------------------------------------------------------------------------------
Test set: edu.hanyang.BPlusTreeTest
-------------------------------------------------------------------------------
Tests run: 1, Failures: 1, Errors: 0, Skipped: 0, Time elapsed: 0.101 s <<< FAILURE! - in edu.hanyang.BPlusTreeTest
bPlusTreeTest(edu.hanyang.BPlusTreeTest)  Time elapsed: 0.026 s  <<< FAILURE!
java.lang.AssertionError: expected:<-1> but was:<0>
	at edu.hanyang.BPlusTreeTest.bPlusTreeTest(BPlusTreeTest.java:116)

